<?xml version="1.0" encoding="utf-8"?><testsuites name="pytest tests"><testsuite name="pytest" errors="0" failures="0" skipped="0" tests="4" time="0.831" timestamp="2025-11-12T12:15:41.953777+08:00" hostname="kvm-polarcoral"><testcase classname="tests.api.test_user" name="test_system_status" time="0.113" /><testcase classname="tests.api.test_user" name="test_user_register[user0]" time="0.094" /><testcase classname="tests.api.test_user" name="test_user_login_api[user0]" time="0.055" /><testcase classname="tests.api.test_user" name="test_user_token" time="0.172" /></testsuite></testsuites>
