<?xml version="1.0" encoding="utf-8"?><testsuites><testsuite name="pytest" errors="0" failures="0" skipped="0" tests="4" time="0.485" timestamp="2025-11-06T16:43:45.843658" hostname="kvm-polarcoral"><testcase classname="tests.api.test_user" name="test_system_status" time="0.062" /><testcase classname="tests.api.test_user" name="test_user_register[user0]" time="0.075" /><testcase classname="tests.api.test_user" name="test_user_login_api[user0]" time="0.042" /><testcase classname="tests.api.test_user" name="test_user_token" time="0.021" /></testsuite></testsuites>
